<?xml version="1.0" encoding="UTF-8"?>
<testsuite xmlns:xsi="http://www.w3.org/2001/XMLSchema-instance" xsi:noNamespaceSchemaLocation="https://maven.apache.org/surefire/maven-surefire-plugin/xsd/surefire-test-report-3.0.xsd" version="3.0" name="main.java.ProductStockTest$AddStockTests" time="0.113" tests="10" errors="0" skipped="1" failures="0">
  <properties>
[...]
</properties>
  <testcase name="quickTimeoutTest" classname="main.java.ProductStockTest" time="0.092"/>
  <testcase name="futureFeatureDisabled" classname="main.java.ProductStockTest" time="0">
    <skipped message="Future feature: bulkReserve not implemented yet"/>
  </testcase>
  <testcase name="changeLocationTest" classname="main.java.ProductStockTest" time="0.01"/>
  <testcase name="toStringContainsInfo" classname="main.java.ProductStockTest" time="0.006"/>
  <testcase name="addStockInvalidAmount" classname="main.java.ProductStockTest$AddStockTests" time="0.003"/>
  <testcase name="addStockNormal" classname="main.java.ProductStockTest$AddStockTests" time="0.002"/>
  <testcase name="addStockParameterized(int)[1]" classname="main.java.ProductStockTest$AddStockTests" time="0.04"/>
  <testcase name="addStockParameterized(int)[2]" classname="main.java.ProductStockTest$AddStockTests" time="0.002"/>
  <testcase name="addStockParameterized(int)[3]" classname="main.java.ProductStockTest$AddStockTests" time="0.001"/>
  <testcase name="addStockBeyondCapacity" classname="main.java.ProductStockTest$AddStockTests" time="0.003"/>
</testsuite>